In file included from src/model.c:6,
                 from src/main.c:4:
src/../lib/cJSON.c:91:3: error: conflicting types for ‘error’; have ‘struct <anonymous>’
   91 | } error;
      |   ^~~~~
In file included from src/main.c:3:
src/../lib/cJSON.c:91:3: note: previous declaration of ‘error’ with type ‘error’
   91 | } error;
      |   ^~~~~
src/../lib/cJSON.c:92:14: error: conflicting types for ‘global_error’; have ‘error’
   92 | static error global_error = { NULL, 0 };
      |              ^~~~~~~~~~~~
src/../lib/cJSON.c:92:14: note: previous definition of ‘global_error’ with type ‘error’
   92 | static error global_error = { NULL, 0 };
      |              ^~~~~~~~~~~~
src/../lib/cJSON.c:94:28: error: redefinition of ‘cJSON_GetErrorPtr’
   94 | CJSON_PUBLIC(const char *) cJSON_GetErrorPtr(void)
      |                            ^~~~~~~~~~~~~~~~~
src/../lib/cJSON.c:94:28: note: previous definition of ‘cJSON_GetErrorPtr’ with type ‘const char *(void)’
   94 | CJSON_PUBLIC(const char *) cJSON_GetErrorPtr(void)
      |                            ^~~~~~~~~~~~~~~~~
src/../lib/cJSON.c:99:22: error: redefinition of ‘cJSON_GetStringValue’
   99 | CJSON_PUBLIC(char *) cJSON_GetStringValue(const cJSON * const item)
      |                      ^~~~~~~~~~~~~~~~~~~~
src/../lib/cJSON.c:99:22: note: previous definition of ‘cJSON_GetStringValue’ with type ‘char *(const cJSON * const)’
   99 | CJSON_PUBLIC(char *) cJSON_GetStringValue(const cJSON * const item)
      |                      ^~~~~~~~~~~~~~~~~~~~
src/../lib/cJSON.c:109:22: error: redefinition of ‘cJSON_GetNumberValue’
  109 | CJSON_PUBLIC(double) cJSON_GetNumberValue(const cJSON * const item)
      |                      ^~~~~~~~~~~~~~~~~~~~
src/../lib/cJSON.c:109:22: note: previous definition of ‘cJSON_GetNumberValue’ with type ‘double(const cJSON * const)’
  109 | CJSON_PUBLIC(double) cJSON_GetNumberValue(const cJSON * const item)
      |                      ^~~~~~~~~~~~~~~~~~~~
src/../lib/cJSON.c:124:27: error: redefinition of ‘cJSON_Version’
  124 | CJSON_PUBLIC(const char*) cJSON_Version(void)
      |                           ^~~~~~~~~~~~~
src/../lib/cJSON.c:124:27: note: previous definition of ‘cJSON_Version’ with type ‘const char *(void)’
  124 | CJSON_PUBLIC(const char*) cJSON_Version(void)
      |                           ^~~~~~~~~~~~~
src/../lib/cJSON.c:133:12: error: redefinition of ‘case_insensitive_strcmp’
  133 | static int case_insensitive_strcmp(const unsigned char *string1, const unsigned char *string2)
      |            ^~~~~~~~~~~~~~~~~~~~~~~
src/../lib/cJSON.c:133:12: note: previous definition of ‘case_insensitive_strcmp’ with type ‘int(const unsigned char *, const unsigned char *)’
  133 | static int case_insensitive_strcmp(const unsigned char *string1, const unsigned char *string2)
      |            ^~~~~~~~~~~~~~~~~~~~~~~
src/../lib/cJSON.c:156:16: error: redefinition of ‘struct internal_hooks’
  156 | typedef struct internal_hooks
      |                ^~~~~~~~~~~~~~
src/../lib/cJSON.c:156:16: note: originally defined here
  156 | typedef struct internal_hooks
      |                ^~~~~~~~~~~~~~
src/../lib/cJSON.c:161:3: error: conflicting types for ‘internal_hooks’; have ‘struct internal_hooks’
  161 | } internal_hooks;
      |   ^~~~~~~~~~~~~~
src/../lib/cJSON.c:161:3: note: previous declaration of ‘internal_hooks’ with type ‘internal_hooks’
  161 | } internal_hooks;
      |   ^~~~~~~~~~~~~~
src/../lib/cJSON.c:186:23: error: conflicting types for ‘global_hooks’; have ‘internal_hooks’
  186 | static internal_hooks global_hooks = { internal_malloc, internal_free, internal_realloc };
      |                       ^~~~~~~~~~~~
src/../lib/cJSON.c:186:23: note: previous definition of ‘global_hooks’ with type ‘internal_hooks’
  186 | static internal_hooks global_hooks = { internal_malloc, internal_free, internal_realloc };
      |                       ^~~~~~~~~~~~
src/../lib/cJSON.c:188:23: error: conflicting types for ‘cJSON_strdup’; have ‘unsigned char *(const unsigned char *, const internal_hooks * const)’
  188 | static unsigned char* cJSON_strdup(const unsigned char* string, const internal_hooks * const hooks)
      |                       ^~~~~~~~~~~~
src/../lib/cJSON.c:188:23: note: previous definition of ‘cJSON_strdup’ with type ‘unsigned char *(const unsigned char *, const internal_hooks * const)’
  188 | static unsigned char* cJSON_strdup(const unsigned char* string, const internal_hooks * const hooks)
      |                       ^~~~~~~~~~~~
src/../lib/cJSON.c:209:20: error: redefinition of ‘cJSON_InitHooks’
  209 | CJSON_PUBLIC(void) cJSON_InitHooks(cJSON_Hooks* hooks)
      |                    ^~~~~~~~~~~~~~~
src/../lib/cJSON.c:209:20: note: previous definition of ‘cJSON_InitHooks’ with type ‘void(cJSON_Hooks *)’
  209 | CJSON_PUBLIC(void) cJSON_InitHooks(cJSON_Hooks* hooks)
      |                    ^~~~~~~~~~~~~~~
src/../lib/cJSON.c:241:15: error: conflicting types for ‘cJSON_New_Item’; have ‘cJSON *(const internal_hooks * const)’
  241 | static cJSON *cJSON_New_Item(const internal_hooks * const hooks)
      |               ^~~~~~~~~~~~~~
src/../lib/cJSON.c:241:15: note: previous definition of ‘cJSON_New_Item’ with type ‘cJSON *(const internal_hooks * const)’
  241 | static cJSON *cJSON_New_Item(const internal_hooks * const hooks)
      |               ^~~~~~~~~~~~~~
src/../lib/cJSON.c:253:20: error: redefinition of ‘cJSON_Delete’
  253 | CJSON_PUBLIC(void) cJSON_Delete(cJSON *item)
      |                    ^~~~~~~~~~~~
src/../lib/cJSON.c:253:20: note: previous definition of ‘cJSON_Delete’ with type ‘void(cJSON *)’
  253 | CJSON_PUBLIC(void) cJSON_Delete(cJSON *item)
      |                    ^~~~~~~~~~~~
src/../lib/cJSON.c:279:22: error: redefinition of ‘get_decimal_point’
  279 | static unsigned char get_decimal_point(void)
      |                      ^~~~~~~~~~~~~~~~~
src/../lib/cJSON.c:279:22: note: previous definition of ‘get_decimal_point’ with type ‘unsigned char(void)’
  279 | static unsigned char get_decimal_point(void)
      |                      ^~~~~~~~~~~~~~~~~
src/../lib/cJSON.c:296:3: error: conflicting types for ‘parse_buffer’; have ‘struct <anonymous>’
  296 | } parse_buffer;
      |   ^~~~~~~~~~~~
src/../lib/cJSON.c:296:3: note: previous declaration of ‘parse_buffer’ with type ‘parse_buffer’
  296 | } parse_buffer;
      |   ^~~~~~~~~~~~
src/../lib/cJSON.c:307:19: error: conflicting types for ‘parse_number’; have ‘cJSON_bool(cJSON * const,  parse_buffer * const)’ {aka ‘int(cJSON * const,  parse_buffer * const)’}
  307 | static cJSON_bool parse_number(cJSON * const item, parse_buffer * const input_buffer)
      |                   ^~~~~~~~~~~~
src/../lib/cJSON.c:307:19: note: previous definition of ‘parse_number’ with type ‘cJSON_bool(cJSON * const,  parse_buffer * const)’ {aka ‘int(cJSON * const,  parse_buffer * const)’}
  307 | static cJSON_bool parse_number(cJSON * const item, parse_buffer * const input_buffer)
      |                   ^~~~~~~~~~~~
src/../lib/cJSON.c:384:22: error: redefinition of ‘cJSON_SetNumberHelper’
  384 | CJSON_PUBLIC(double) cJSON_SetNumberHelper(cJSON *object, double number)
      |                      ^~~~~~~~~~~~~~~~~~~~~
src/../lib/cJSON.c:384:22: note: previous definition of ‘cJSON_SetNumberHelper’ with type ‘double(cJSON *, double)’
  384 | CJSON_PUBLIC(double) cJSON_SetNumberHelper(cJSON *object, double number)
      |                      ^~~~~~~~~~~~~~~~~~~~~
src/../lib/cJSON.c:403:21: error: redefinition of ‘cJSON_SetValuestring’
  403 | CJSON_PUBLIC(char*) cJSON_SetValuestring(cJSON *object, const char *valuestring)
      |                     ^~~~~~~~~~~~~~~~~~~~
src/../lib/cJSON.c:403:21: note: previous definition of ‘cJSON_SetValuestring’ with type ‘char *(cJSON *, const char *)’
  403 | CJSON_PUBLIC(char*) cJSON_SetValuestring(cJSON *object, const char *valuestring)
      |                     ^~~~~~~~~~~~~~~~~~~~
src/../lib/cJSON.c:455:3: error: conflicting types for ‘printbuffer’; have ‘struct <anonymous>’
  455 | } printbuffer;
      |   ^~~~~~~~~~~
src/../lib/cJSON.c:455:3: note: previous declaration of ‘printbuffer’ with type ‘printbuffer’
  455 | } printbuffer;
      |   ^~~~~~~~~~~
src/../lib/cJSON.c:458:23: error: conflicting types for ‘ensure’; have ‘unsigned char *(printbuffer * const,  size_t)’ {aka ‘unsigned char *(printbuffer * const,  long unsigned int)’}
  458 | static unsigned char* ensure(printbuffer * const p, size_t needed)
      |                       ^~~~~~
src/../lib/cJSON.c:458:23: note: previous definition of ‘ensure’ with type ‘unsigned char *(printbuffer * const,  size_t)’ {aka ‘unsigned char *(printbuffer * const,  long unsigned int)’}
  458 | static unsigned char* ensure(printbuffer * const p, size_t needed)
      |                       ^~~~~~
src/../lib/cJSON.c:544:13: error: conflicting types for ‘update_offset’; have ‘void(printbuffer * const)’
  544 | static void update_offset(printbuffer * const buffer)
      |             ^~~~~~~~~~~~~
src/../lib/cJSON.c:544:13: note: previous definition of ‘update_offset’ with type ‘void(printbuffer * const)’
  544 | static void update_offset(printbuffer * const buffer)
      |             ^~~~~~~~~~~~~
src/../lib/cJSON.c:557:19: error: redefinition of ‘compare_double’
  557 | static cJSON_bool compare_double(double a, double b)
      |                   ^~~~~~~~~~~~~~
src/../lib/cJSON.c:557:19: note: previous definition of ‘compare_double’ with type ‘cJSON_bool(double,  double)’ {aka ‘int(double,  double)’}
  557 | static cJSON_bool compare_double(double a, double b)
      |                   ^~~~~~~~~~~~~~
src/../lib/cJSON.c:564:19: error: conflicting types for ‘print_number’; have ‘cJSON_bool(const cJSON * const,  printbuffer * const)’ {aka ‘int(const cJSON * const,  printbuffer * const)’}
  564 | static cJSON_bool print_number(const cJSON * const item, printbuffer * const output_buffer)
      |                   ^~~~~~~~~~~~
src/../lib/cJSON.c:564:19: note: previous definition of ‘print_number’ with type ‘cJSON_bool(const cJSON * const,  printbuffer * const)’ {aka ‘int(const cJSON * const,  printbuffer * const)’}
  564 | static cJSON_bool print_number(const cJSON * const item, printbuffer * const output_buffer)
      |                   ^~~~~~~~~~~~
src/../lib/cJSON.c:634:17: error: redefinition of ‘parse_hex4’
  634 | static unsigned parse_hex4(const unsigned char * const input)
      |                 ^~~~~~~~~~
src/../lib/cJSON.c:634:17: note: previous definition of ‘parse_hex4’ with type ‘unsigned int(const unsigned char * const)’
  634 | static unsigned parse_hex4(const unsigned char * const input)
      |                 ^~~~~~~~~~
src/../lib/cJSON.c:671:22: error: redefinition of ‘utf16_literal_to_utf8’
  671 | static unsigned char utf16_literal_to_utf8(const unsigned char * const input_pointer, const unsigned char * const input_end, unsigned char **output_pointer)
      |                      ^~~~~~~~~~~~~~~~~~~~~
src/../lib/cJSON.c:671:22: note: previous definition of ‘utf16_literal_to_utf8’ with type ‘unsigned char(const unsigned char * const,  const unsigned char * const,  unsigned char **)’
  671 | static unsigned char utf16_literal_to_utf8(const unsigned char * const input_pointer, const unsigned char * const input_end, unsigned char **output_pointer)
      |                      ^~~~~~~~~~~~~~~~~~~~~
src/../lib/cJSON.c:792:19: error: conflicting types for ‘parse_string’; have ‘cJSON_bool(cJSON * const,  parse_buffer * const)’ {aka ‘int(cJSON * const,  parse_buffer * const)’}
  792 | static cJSON_bool parse_string(cJSON * const item, parse_buffer * const input_buffer)
      |                   ^~~~~~~~~~~~
src/../lib/cJSON.c:792:19: note: previous definition of ‘parse_string’ with type ‘cJSON_bool(cJSON * const,  parse_buffer * const)’ {aka ‘int(cJSON * const,  parse_buffer * const)’}
  792 | static cJSON_bool parse_string(cJSON * const item, parse_buffer * const input_buffer)
      |                   ^~~~~~~~~~~~
src/../lib/cJSON.c:922:19: error: conflicting types for ‘print_string_ptr’; have ‘cJSON_bool(const unsigned char * const,  printbuffer * const)’ {aka ‘int(const unsigned char * const,  printbuffer * const)’}
  922 | static cJSON_bool print_string_ptr(const unsigned char * const input, printbuffer * const output_buffer)
      |                   ^~~~~~~~~~~~~~~~
src/../lib/cJSON.c:922:19: note: previous definition of ‘print_string_ptr’ with type ‘cJSON_bool(const unsigned char * const,  printbuffer * const)’ {aka ‘int(const unsigned char * const,  printbuffer * const)’}
  922 | static cJSON_bool print_string_ptr(const unsigned char * const input, printbuffer * const output_buffer)
      |                   ^~~~~~~~~~~~~~~~
src/../lib/cJSON.c:1044:19: error: conflicting types for ‘print_string’; have ‘cJSON_bool(const cJSON * const,  printbuffer * const)’ {aka ‘int(const cJSON * const,  printbuffer * const)’}
 1044 | static cJSON_bool print_string(const cJSON * const item, printbuffer * const p)
      |                   ^~~~~~~~~~~~
src/../lib/cJSON.c:1044:19: note: previous definition of ‘print_string’ with type ‘cJSON_bool(const cJSON * const,  printbuffer * const)’ {aka ‘int(const cJSON * const,  printbuffer * const)’}
 1044 | static cJSON_bool print_string(const cJSON * const item, printbuffer * const p)
      |                   ^~~~~~~~~~~~
src/../lib/cJSON.c:1050:19: error: conflicting types for ‘parse_value’; have ‘cJSON_bool(cJSON * const,  parse_buffer * const)’ {aka ‘int(cJSON * const,  parse_buffer * const)’}
 1050 | static cJSON_bool parse_value(cJSON * const item, parse_buffer * const input_buffer);
      |                   ^~~~~~~~~~~
src/../lib/cJSON.c:1336:19: note: previous definition of ‘parse_value’ with type ‘cJSON_bool(cJSON * const,  parse_buffer * const)’ {aka ‘int(cJSON * const,  parse_buffer * const)’}
 1336 | static cJSON_bool parse_value(cJSON * const item, parse_buffer * const input_buffer)
      |                   ^~~~~~~~~~~
src/../lib/cJSON.c:1051:19: error: conflicting types for ‘print_value’; have ‘cJSON_bool(const cJSON * const,  printbuffer * const)’ {aka ‘int(const cJSON * const,  printbuffer * const)’}
 1051 | static cJSON_bool print_value(const cJSON * const item, printbuffer * const output_buffer);
      |                   ^~~~~~~~~~~
src/../lib/cJSON.c:1391:19: note: previous definition of ‘print_value’ with type ‘cJSON_bool(const cJSON * const,  printbuffer * const)’ {aka ‘int(const cJSON * const,  printbuffer * const)’}
 1391 | static cJSON_bool print_value(const cJSON * const item, printbuffer * const output_buffer)
      |                   ^~~~~~~~~~~
src/../lib/cJSON.c:1052:19: error: conflicting types for ‘parse_array’; have ‘cJSON_bool(cJSON * const,  parse_buffer * const)’ {aka ‘int(cJSON * const,  parse_buffer * const)’}
 1052 | static cJSON_bool parse_array(cJSON * const item, parse_buffer * const input_buffer);
      |                   ^~~~~~~~~~~
src/../lib/cJSON.c:1465:19: note: previous definition of ‘parse_array’ with type ‘cJSON_bool(cJSON * const,  parse_buffer * const)’ {aka ‘int(cJSON * const,  parse_buffer * const)’}
 1465 | static cJSON_bool parse_array(cJSON * const item, parse_buffer * const input_buffer)
      |                   ^~~~~~~~~~~
src/../lib/cJSON.c:1053:19: error: conflicting types for ‘print_array’; have ‘cJSON_bool(const cJSON * const,  printbuffer * const)’ {aka ‘int(const cJSON * const,  printbuffer * const)’}
 1053 | static cJSON_bool print_array(const cJSON * const item, printbuffer * const output_buffer);
      |                   ^~~~~~~~~~~
src/../lib/cJSON.c:1563:19: note: previous definition of ‘print_array’ with type ‘cJSON_bool(const cJSON * const,  printbuffer * const)’ {aka ‘int(const cJSON * const,  printbuffer * const)’}
 1563 | static cJSON_bool print_array(const cJSON * const item, printbuffer * const output_buffer)
      |                   ^~~~~~~~~~~
src/../lib/cJSON.c:1054:19: error: conflicting types for ‘parse_object’; have ‘cJSON_bool(cJSON * const,  parse_buffer * const)’ {aka ‘int(cJSON * const,  parse_buffer * const)’}
 1054 | static cJSON_bool parse_object(cJSON * const item, parse_buffer * const input_buffer);
      |                   ^~~~~~~~~~~~
src/../lib/cJSON.c:1625:19: note: previous definition of ‘parse_object’ with type ‘cJSON_bool(cJSON * const,  parse_buffer * const)’ {aka ‘int(cJSON * const,  parse_buffer * const)’}
 1625 | static cJSON_bool parse_object(cJSON * const item, parse_buffer * const input_buffer)
      |                   ^~~~~~~~~~~~
src/../lib/cJSON.c:1055:19: error: conflicting types for ‘print_object’; have ‘cJSON_bool(const cJSON * const,  printbuffer * const)’ {aka ‘int(const cJSON * const,  printbuffer * const)’}
 1055 | static cJSON_bool print_object(const cJSON * const item, printbuffer * const output_buffer);
      |                   ^~~~~~~~~~~~
src/../lib/cJSON.c:1743:19: note: previous definition of ‘print_object’ with type ‘cJSON_bool(const cJSON * const,  printbuffer * const)’ {aka ‘int(const cJSON * const,  printbuffer * const)’}
 1743 | static cJSON_bool print_object(const cJSON * const item, printbuffer * const output_buffer)
      |                   ^~~~~~~~~~~~
src/../lib/cJSON.c:1058:22: error: conflicting types for ‘buffer_skip_whitespace’; have ‘parse_buffer *(parse_buffer * const)’
 1058 | static parse_buffer *buffer_skip_whitespace(parse_buffer * const buffer)
      |                      ^~~~~~~~~~~~~~~~~~~~~~
src/../lib/cJSON.c:1058:22: note: previous definition of ‘buffer_skip_whitespace’ with type ‘parse_buffer *(parse_buffer * const)’
 1058 | static parse_buffer *buffer_skip_whitespace(parse_buffer * const buffer)
      |                      ^~~~~~~~~~~~~~~~~~~~~~
src/../lib/cJSON.c:1084:22: error: conflicting types for ‘skip_utf8_bom’; have ‘parse_buffer *(parse_buffer * const)’
 1084 | static parse_buffer *skip_utf8_bom(parse_buffer * const buffer)
      |                      ^~~~~~~~~~~~~
src/../lib/cJSON.c:1084:22: note: previous definition of ‘skip_utf8_bom’ with type ‘parse_buffer *(parse_buffer * const)’
 1084 | static parse_buffer *skip_utf8_bom(parse_buffer * const buffer)
      |                      ^~~~~~~~~~~~~
src/../lib/cJSON.c:1099:23: error: redefinition of ‘cJSON_ParseWithOpts’
 1099 | CJSON_PUBLIC(cJSON *) cJSON_ParseWithOpts(const char *value, const char **return_parse_end, cJSON_bool require_null_terminated)
      |                       ^~~~~~~~~~~~~~~~~~~
src/../lib/cJSON.c:1099:23: note: previous definition of ‘cJSON_ParseWithOpts’ with type ‘cJSON *(const char *, const char **, cJSON_bool)’ {aka ‘cJSON *(const char *, const char **, int)’}
 1099 | CJSON_PUBLIC(cJSON *) cJSON_ParseWithOpts(const char *value, const char **return_parse_end, cJSON_bool require_null_terminated)
      |                       ^~~~~~~~~~~~~~~~~~~
src/../lib/cJSON.c:1115:23: error: redefinition of ‘cJSON_ParseWithLengthOpts’
 1115 | CJSON_PUBLIC(cJSON *) cJSON_ParseWithLengthOpts(const char *value, size_t buffer_length, const char **return_parse_end, cJSON_bool require_null_terminated)
      |                       ^~~~~~~~~~~~~~~~~~~~~~~~~
src/../lib/cJSON.c:1115:23: note: previous definition of ‘cJSON_ParseWithLengthOpts’ with type ‘cJSON *(const char *, size_t,  const char **, cJSON_bool)’ {aka ‘cJSON *(const char *, long unsigned int,  const char **, int)’}
 1115 | CJSON_PUBLIC(cJSON *) cJSON_ParseWithLengthOpts(const char *value, size_t buffer_length, const char **return_parse_end, cJSON_bool require_null_terminated)
      |                       ^~~~~~~~~~~~~~~~~~~~~~~~~
src/../lib/cJSON.c:1195:23: error: redefinition of ‘cJSON_Parse’
 1195 | CJSON_PUBLIC(cJSON *) cJSON_Parse(const char *value)
      |                       ^~~~~~~~~~~
src/../lib/cJSON.c:1195:23: note: previous definition of ‘cJSON_Parse’ with type ‘cJSON *(const char *)’
 1195 | CJSON_PUBLIC(cJSON *) cJSON_Parse(const char *value)
      |                       ^~~~~~~~~~~
src/../lib/cJSON.c:1200:23: error: redefinition of ‘cJSON_ParseWithLength’
 1200 | CJSON_PUBLIC(cJSON *) cJSON_ParseWithLength(const char *value, size_t buffer_length)
      |                       ^~~~~~~~~~~~~~~~~~~~~
src/../lib/cJSON.c:1200:23: note: previous definition of ‘cJSON_ParseWithLength’ with type ‘cJSON *(const char *, size_t)’ {aka ‘cJSON *(const char *, long unsigned int)’}
 1200 | CJSON_PUBLIC(cJSON *) cJSON_ParseWithLength(const char *value, size_t buffer_length)
      |                       ^~~~~~~~~~~~~~~~~~~~~
src/../lib/cJSON.c:1207:23: error: conflicting types for ‘print’; have ‘unsigned char *(const cJSON * const,  cJSON_bool,  const internal_hooks * const)’ {aka ‘unsigned char *(const cJSON * const,  int,  const internal_hooks * const)’}
 1207 | static unsigned char *print(const cJSON * const item, cJSON_bool format, const internal_hooks * const hooks)
      |                       ^~~~~
src/../lib/cJSON.c:1207:23: note: previous definition of ‘print’ with type ‘unsigned char *(const cJSON * const,  cJSON_bool,  const internal_hooks * const)’ {aka ‘unsigned char *(const cJSON * const,  int,  const internal_hooks * const)’}
 1207 | static unsigned char *print(const cJSON * const item, cJSON_bool format, const internal_hooks * const hooks)
      |                       ^~~~~
src/../lib/cJSON.c:1275:22: error: redefinition of ‘cJSON_Print’
 1275 | CJSON_PUBLIC(char *) cJSON_Print(const cJSON *item)
      |                      ^~~~~~~~~~~
src/../lib/cJSON.c:1275:22: note: previous definition of ‘cJSON_Print’ with type ‘char *(const cJSON *)’
 1275 | CJSON_PUBLIC(char *) cJSON_Print(const cJSON *item)
      |                      ^~~~~~~~~~~
src/../lib/cJSON.c:1280:22: error: redefinition of ‘cJSON_PrintUnformatted’
 1280 | CJSON_PUBLIC(char *) cJSON_PrintUnformatted(const cJSON *item)
      |                      ^~~~~~~~~~~~~~~~~~~~~~
src/../lib/cJSON.c:1280:22: note: previous definition of ‘cJSON_PrintUnformatted’ with type ‘char *(const cJSON *)’
 1280 | CJSON_PUBLIC(char *) cJSON_PrintUnformatted(const cJSON *item)
      |                      ^~~~~~~~~~~~~~~~~~~~~~
src/../lib/cJSON.c:1285:22: error: redefinition of ‘cJSON_PrintBuffered’
 1285 | CJSON_PUBLIC(char *) cJSON_PrintBuffered(const cJSON *item, int prebuffer, cJSON_bool fmt)
      |                      ^~~~~~~~~~~~~~~~~~~
src/../lib/cJSON.c:1285:22: note: previous definition of ‘cJSON_PrintBuffered’ with type ‘char *(const cJSON *, int,  cJSON_bool)’ {aka ‘char *(const cJSON *, int,  int)’}
 1285 | CJSON_PUBLIC(char *) cJSON_PrintBuffered(const cJSON *item, int prebuffer, cJSON_bool fmt)
      |                      ^~~~~~~~~~~~~~~~~~~
src/../lib/cJSON.c:1316:26: error: redefinition of ‘cJSON_PrintPreallocated’
 1316 | CJSON_PUBLIC(cJSON_bool) cJSON_PrintPreallocated(cJSON *item, char *buffer, const int length, const cJSON_bool format)
      |                          ^~~~~~~~~~~~~~~~~~~~~~~
src/../lib/cJSON.c:1316:26: note: previous definition of ‘cJSON_PrintPreallocated’ with type ‘cJSON_bool(cJSON *, char *, const int,  const cJSON_bool)’ {aka ‘int(cJSON *, char *, const int,  const int)’}
 1316 | CJSON_PUBLIC(cJSON_bool) cJSON_PrintPreallocated(cJSON *item, char *buffer, const int length, const cJSON_bool format)
      |                          ^~~~~~~~~~~~~~~~~~~~~~~
src/../lib/cJSON.c:1857:19: error: redefinition of ‘cJSON_GetArraySize’
 1857 | CJSON_PUBLIC(int) cJSON_GetArraySize(const cJSON *array)
      |                   ^~~~~~~~~~~~~~~~~~
src/../lib/cJSON.c:1857:19: note: previous definition of ‘cJSON_GetArraySize’ with type ‘int(const cJSON *)’
 1857 | CJSON_PUBLIC(int) cJSON_GetArraySize(const cJSON *array)
      |                   ^~~~~~~~~~~~~~~~~~
src/../lib/cJSON.c:1880:15: error: redefinition of ‘get_array_item’
 1880 | static cJSON* get_array_item(const cJSON *array, size_t index)
      |               ^~~~~~~~~~~~~~
src/../lib/cJSON.c:1880:15: note: previous definition of ‘get_array_item’ with type ‘cJSON *(const cJSON *, size_t)’ {aka ‘cJSON *(const cJSON *, long unsigned int)’}
 1880 | static cJSON* get_array_item(const cJSON *array, size_t index)
      |               ^~~~~~~~~~~~~~
src/../lib/cJSON.c:1899:23: error: redefinition of ‘cJSON_GetArrayItem’
 1899 | CJSON_PUBLIC(cJSON *) cJSON_GetArrayItem(const cJSON *array, int index)
      |                       ^~~~~~~~~~~~~~~~~~
src/../lib/cJSON.c:1899:23: note: previous definition of ‘cJSON_GetArrayItem’ with type ‘cJSON *(const cJSON *, int)’
 1899 | CJSON_PUBLIC(cJSON *) cJSON_GetArrayItem(const cJSON *array, int index)
      |                       ^~~~~~~~~~~~~~~~~~
src/../lib/cJSON.c:1909:15: error: redefinition of ‘get_object_item’
 1909 | static cJSON *get_object_item(const cJSON * const object, const char * const name, const cJSON_bool case_sensitive)
      |               ^~~~~~~~~~~~~~~
src/../lib/cJSON.c:1909:15: note: previous definition of ‘get_object_item’ with type ‘cJSON *(const cJSON * const,  const char * const,  const cJSON_bool)’ {aka ‘cJSON *(const cJSON * const,  const char * const,  const int)’}
 1909 | static cJSON *get_object_item(const cJSON * const object, const char * const name, const cJSON_bool case_sensitive)
      |               ^~~~~~~~~~~~~~~
src/../lib/cJSON.c:1941:23: error: redefinition of ‘cJSON_GetObjectItem’
 1941 | CJSON_PUBLIC(cJSON *) cJSON_GetObjectItem(const cJSON * const object, const char * const string)
      |                       ^~~~~~~~~~~~~~~~~~~
src/../lib/cJSON.c:1941:23: note: previous definition of ‘cJSON_GetObjectItem’ with type ‘cJSON *(const cJSON * const,  const char * const)’
 1941 | CJSON_PUBLIC(cJSON *) cJSON_GetObjectItem(const cJSON * const object, const char * const string)
      |                       ^~~~~~~~~~~~~~~~~~~
src/../lib/cJSON.c:1946:23: error: redefinition of ‘cJSON_GetObjectItemCaseSensitive’
 1946 | CJSON_PUBLIC(cJSON *) cJSON_GetObjectItemCaseSensitive(const cJSON * const object, const char * const string)
      |                       ^~~~~~~~~~~~~~~~~~~~~~~~~~~~~~~~
src/../lib/cJSON.c:1946:23: note: previous definition of ‘cJSON_GetObjectItemCaseSensitive’ with type ‘cJSON *(const cJSON * const,  const char * const)’
 1946 | CJSON_PUBLIC(cJSON *) cJSON_GetObjectItemCaseSensitive(const cJSON * const object, const char * const string)
      |                       ^~~~~~~~~~~~~~~~~~~~~~~~~~~~~~~~
src/../lib/cJSON.c:1951:26: error: redefinition of ‘cJSON_HasObjectItem’
 1951 | CJSON_PUBLIC(cJSON_bool) cJSON_HasObjectItem(const cJSON *object, const char *string)
      |                          ^~~~~~~~~~~~~~~~~~~
src/../lib/cJSON.c:1951:26: note: previous definition of ‘cJSON_HasObjectItem’ with type ‘cJSON_bool(const cJSON *, const char *)’ {aka ‘int(const cJSON *, const char *)’}
 1951 | CJSON_PUBLIC(cJSON_bool) cJSON_HasObjectItem(const cJSON *object, const char *string)
      |                          ^~~~~~~~~~~~~~~~~~~
src/../lib/cJSON.c:1957:13: error: redefinition of ‘suffix_object’
 1957 | static void suffix_object(cJSON *prev, cJSON *item)
      |             ^~~~~~~~~~~~~
src/../lib/cJSON.c:1957:13: note: previous definition of ‘suffix_object’ with type ‘void(cJSON *, cJSON *)’
 1957 | static void suffix_object(cJSON *prev, cJSON *item)
      |             ^~~~~~~~~~~~~
src/../lib/cJSON.c:1964:15: error: conflicting types for ‘create_reference’; have ‘cJSON *(const cJSON *, const internal_hooks * const)’
 1964 | static cJSON *create_reference(const cJSON *item, const internal_hooks * const hooks)
      |               ^~~~~~~~~~~~~~~~
src/../lib/cJSON.c:1964:15: note: previous definition of ‘create_reference’ with type ‘cJSON *(const cJSON *, const internal_hooks * const)’
 1964 | static cJSON *create_reference(const cJSON *item, const internal_hooks * const hooks)
      |               ^~~~~~~~~~~~~~~~
src/../lib/cJSON.c:1985:19: error: redefinition of ‘add_item_to_array’
 1985 | static cJSON_bool add_item_to_array(cJSON *array, cJSON *item)
      |                   ^~~~~~~~~~~~~~~~~
src/../lib/cJSON.c:1985:19: note: previous definition of ‘add_item_to_array’ with type ‘cJSON_bool(cJSON *, cJSON *)’ {aka ‘int(cJSON *, cJSON *)’}
 1985 | static cJSON_bool add_item_to_array(cJSON *array, cJSON *item)
      |                   ^~~~~~~~~~~~~~~~~
src/../lib/cJSON.c:2019:26: error: redefinition of ‘cJSON_AddItemToArray’
 2019 | CJSON_PUBLIC(cJSON_bool) cJSON_AddItemToArray(cJSON *array, cJSON *item)
      |                          ^~~~~~~~~~~~~~~~~~~~
src/../lib/cJSON.c:2019:26: note: previous definition of ‘cJSON_AddItemToArray’ with type ‘cJSON_bool(cJSON *, cJSON *)’ {aka ‘int(cJSON *, cJSON *)’}
 2019 | CJSON_PUBLIC(cJSON_bool) cJSON_AddItemToArray(cJSON *array, cJSON *item)
      |                          ^~~~~~~~~~~~~~~~~~~~
src/../lib/cJSON.c:2031:14: error: redefinition of ‘cast_away_const’
 2031 | static void* cast_away_const(const void* string)
      |              ^~~~~~~~~~~~~~~
src/../lib/cJSON.c:2031:14: note: previous definition of ‘cast_away_const’ with type ‘void *(const void *)’
 2031 | static void* cast_away_const(const void* string)
      |              ^~~~~~~~~~~~~~~
src/../lib/cJSON.c:2040:19: error: conflicting types for ‘add_item_to_object’; have ‘cJSON_bool(cJSON * const,  const char * const,  cJSON * const,  const internal_hooks * const,  const cJSON_bool)’ {aka ‘int(cJSON * const,  const char * const,  cJSON * const,  const internal_hooks * const,  const int)’}
 2040 | static cJSON_bool add_item_to_object(cJSON * const object, const char * const string, cJSON * const item, const internal_hooks * const hooks, const cJSON_bool constant_key)
      |                   ^~~~~~~~~~~~~~~~~~
src/../lib/cJSON.c:2040:19: note: previous definition of ‘add_item_to_object’ with type ‘cJSON_bool(cJSON * const,  const char * const,  cJSON * const,  const internal_hooks * const,  const cJSON_bool)’ {aka ‘int(cJSON * const,  const char * const,  cJSON * const,  const internal_hooks * const,  const int)’}
 2040 | static cJSON_bool add_item_to_object(cJSON * const object, const char * const string, cJSON * const item, const internal_hooks * const hooks, const cJSON_bool constant_key)
      |                   ^~~~~~~~~~~~~~~~~~
src/../lib/cJSON.c:2077:26: error: redefinition of ‘cJSON_AddItemToObject’
 2077 | CJSON_PUBLIC(cJSON_bool) cJSON_AddItemToObject(cJSON *object, const char *string, cJSON *item)
      |                          ^~~~~~~~~~~~~~~~~~~~~
src/../lib/cJSON.c:2077:26: note: previous definition of ‘cJSON_AddItemToObject’ with type ‘cJSON_bool(cJSON *, const char *, cJSON *)’ {aka ‘int(cJSON *, const char *, cJSON *)’}
 2077 | CJSON_PUBLIC(cJSON_bool) cJSON_AddItemToObject(cJSON *object, const char *string, cJSON *item)
      |                          ^~~~~~~~~~~~~~~~~~~~~
src/../lib/cJSON.c:2083:26: error: redefinition of ‘cJSON_AddItemToObjectCS’
 2083 | CJSON_PUBLIC(cJSON_bool) cJSON_AddItemToObjectCS(cJSON *object, const char *string, cJSON *item)
      |                          ^~~~~~~~~~~~~~~~~~~~~~~
src/../lib/cJSON.c:2083:26: note: previous definition of ‘cJSON_AddItemToObjectCS’ with type ‘cJSON_bool(cJSON *, const char *, cJSON *)’ {aka ‘int(cJSON *, const char *, cJSON *)’}
 2083 | CJSON_PUBLIC(cJSON_bool) cJSON_AddItemToObjectCS(cJSON *object, const char *string, cJSON *item)
      |                          ^~~~~~~~~~~~~~~~~~~~~~~
src/../lib/cJSON.c:2088:26: error: redefinition of ‘cJSON_AddItemReferenceToArray’
 2088 | CJSON_PUBLIC(cJSON_bool) cJSON_AddItemReferenceToArray(cJSON *array, cJSON *item)
      |                          ^~~~~~~~~~~~~~~~~~~~~~~~~~~~~
src/../lib/cJSON.c:2088:26: note: previous definition of ‘cJSON_AddItemReferenceToArray’ with type ‘cJSON_bool(cJSON *, cJSON *)’ {aka ‘int(cJSON *, cJSON *)’}
 2088 | CJSON_PUBLIC(cJSON_bool) cJSON_AddItemReferenceToArray(cJSON *array, cJSON *item)
      |                          ^~~~~~~~~~~~~~~~~~~~~~~~~~~~~
src/../lib/cJSON.c:2098:26: error: redefinition of ‘cJSON_AddItemReferenceToObject’
 2098 | CJSON_PUBLIC(cJSON_bool) cJSON_AddItemReferenceToObject(cJSON *object, const char *string, cJSON *item)
      |                          ^~~~~~~~~~~~~~~~~~~~~~~~~~~~~~
src/../lib/cJSON.c:2098:26: note: previous definition of ‘cJSON_AddItemReferenceToObject’ with type ‘cJSON_bool(cJSON *, const char *, cJSON *)’ {aka ‘int(cJSON *, const char *, cJSON *)’}
 2098 | CJSON_PUBLIC(cJSON_bool) cJSON_AddItemReferenceToObject(cJSON *object, const char *string, cJSON *item)
      |                          ^~~~~~~~~~~~~~~~~~~~~~~~~~~~~~
src/../lib/cJSON.c:2108:22: error: redefinition of ‘cJSON_AddNullToObject’
 2108 | CJSON_PUBLIC(cJSON*) cJSON_AddNullToObject(cJSON * const object, const char * const name)
      |                      ^~~~~~~~~~~~~~~~~~~~~
src/../lib/cJSON.c:2108:22: note: previous definition of ‘cJSON_AddNullToObject’ with type ‘cJSON *(cJSON * const,  const char * const)’
 2108 | CJSON_PUBLIC(cJSON*) cJSON_AddNullToObject(cJSON * const object, const char * const name)
      |                      ^~~~~~~~~~~~~~~~~~~~~
src/../lib/cJSON.c:2120:22: error: redefinition of ‘cJSON_AddTrueToObject’
 2120 | CJSON_PUBLIC(cJSON*) cJSON_AddTrueToObject(cJSON * const object, const char * const name)
      |                      ^~~~~~~~~~~~~~~~~~~~~
src/../lib/cJSON.c:2120:22: note: previous definition of ‘cJSON_AddTrueToObject’ with type ‘cJSON *(cJSON * const,  const char * const)’
 2120 | CJSON_PUBLIC(cJSON*) cJSON_AddTrueToObject(cJSON * const object, const char * const name)
      |                      ^~~~~~~~~~~~~~~~~~~~~
src/../lib/cJSON.c:2132:22: error: redefinition of ‘cJSON_AddFalseToObject’
 2132 | CJSON_PUBLIC(cJSON*) cJSON_AddFalseToObject(cJSON * const object, const char * const name)
      |                      ^~~~~~~~~~~~~~~~~~~~~~
src/../lib/cJSON.c:2132:22: note: previous definition of ‘cJSON_AddFalseToObject’ with type ‘cJSON *(cJSON * const,  const char * const)’
 2132 | CJSON_PUBLIC(cJSON*) cJSON_AddFalseToObject(cJSON * const object, const char * const name)
      |                      ^~~~~~~~~~~~~~~~~~~~~~
src/../lib/cJSON.c:2144:22: error: redefinition of ‘cJSON_AddBoolToObject’
 2144 | CJSON_PUBLIC(cJSON*) cJSON_AddBoolToObject(cJSON * const object, const char * const name, const cJSON_bool boolean)
      |                      ^~~~~~~~~~~~~~~~~~~~~
src/../lib/cJSON.c:2144:22: note: previous definition of ‘cJSON_AddBoolToObject’ with type ‘cJSON *(cJSON * const,  const char * const,  const cJSON_bool)’ {aka ‘cJSON *(cJSON * const,  const char * const,  const int)’}
 2144 | CJSON_PUBLIC(cJSON*) cJSON_AddBoolToObject(cJSON * const object, const char * const name, const cJSON_bool boolean)
      |                      ^~~~~~~~~~~~~~~~~~~~~
src/../lib/cJSON.c:2156:22: error: redefinition of ‘cJSON_AddNumberToObject’
 2156 | CJSON_PUBLIC(cJSON*) cJSON_AddNumberToObject(cJSON * const object, const char * const name, const double number)
      |                      ^~~~~~~~~~~~~~~~~~~~~~~
src/../lib/cJSON.c:2156:22: note: previous definition of ‘cJSON_AddNumberToObject’ with type ‘cJSON *(cJSON * const,  const char * const,  const double)’
 2156 | CJSON_PUBLIC(cJSON*) cJSON_AddNumberToObject(cJSON * const object, const char * const name, const double number)
      |                      ^~~~~~~~~~~~~~~~~~~~~~~
src/../lib/cJSON.c:2168:22: error: redefinition of ‘cJSON_AddStringToObject’
 2168 | CJSON_PUBLIC(cJSON*) cJSON_AddStringToObject(cJSON * const object, const char * const name, const char * const string)
      |                      ^~~~~~~~~~~~~~~~~~~~~~~
src/../lib/cJSON.c:2168:22: note: previous definition of ‘cJSON_AddStringToObject’ with type ‘cJSON *(cJSON * const,  const char * const,  const char * const)’
 2168 | CJSON_PUBLIC(cJSON*) cJSON_AddStringToObject(cJSON * const object, const char * const name, const char * const string)
      |                      ^~~~~~~~~~~~~~~~~~~~~~~
src/../lib/cJSON.c:2180:22: error: redefinition of ‘cJSON_AddRawToObject’
 2180 | CJSON_PUBLIC(cJSON*) cJSON_AddRawToObject(cJSON * const object, const char * const name, const char * const raw)
      |                      ^~~~~~~~~~~~~~~~~~~~
src/../lib/cJSON.c:2180:22: note: previous definition of ‘cJSON_AddRawToObject’ with type ‘cJSON *(cJSON * const,  const char * const,  const char * const)’
 2180 | CJSON_PUBLIC(cJSON*) cJSON_AddRawToObject(cJSON * const object, const char * const name, const char * const raw)
      |                      ^~~~~~~~~~~~~~~~~~~~
src/../lib/cJSON.c:2192:22: error: redefinition of ‘cJSON_AddObjectToObject’
 2192 | CJSON_PUBLIC(cJSON*) cJSON_AddObjectToObject(cJSON * const object, const char * const name)
      |                      ^~~~~~~~~~~~~~~~~~~~~~~
src/../lib/cJSON.c:2192:22: note: previous definition of ‘cJSON_AddObjectToObject’ with type ‘cJSON *(cJSON * const,  const char * const)’
 2192 | CJSON_PUBLIC(cJSON*) cJSON_AddObjectToObject(cJSON * const object, const char * const name)
      |                      ^~~~~~~~~~~~~~~~~~~~~~~
src/../lib/cJSON.c:2204:22: error: redefinition of ‘cJSON_AddArrayToObject’
 2204 | CJSON_PUBLIC(cJSON*) cJSON_AddArrayToObject(cJSON * const object, const char * const name)
      |                      ^~~~~~~~~~~~~~~~~~~~~~
src/../lib/cJSON.c:2204:22: note: previous definition of ‘cJSON_AddArrayToObject’ with type ‘cJSON *(cJSON * const,  const char * const)’
 2204 | CJSON_PUBLIC(cJSON*) cJSON_AddArrayToObject(cJSON * const object, const char * const name)
      |                      ^~~~~~~~~~~~~~~~~~~~~~
src/../lib/cJSON.c:2216:23: error: redefinition of ‘cJSON_DetachItemViaPointer’
 2216 | CJSON_PUBLIC(cJSON *) cJSON_DetachItemViaPointer(cJSON *parent, cJSON * const item)
      |                       ^~~~~~~~~~~~~~~~~~~~~~~~~~
src/../lib/cJSON.c:2216:23: note: previous definition of ‘cJSON_DetachItemViaPointer’ with type ‘cJSON *(cJSON *, cJSON * const)’
 2216 | CJSON_PUBLIC(cJSON *) cJSON_DetachItemViaPointer(cJSON *parent, cJSON * const item)
      |                       ^~~~~~~~~~~~~~~~~~~~~~~~~~
src/../lib/cJSON.c:2252:23: error: redefinition of ‘cJSON_DetachItemFromArray’
 2252 | CJSON_PUBLIC(cJSON *) cJSON_DetachItemFromArray(cJSON *array, int which)
      |                       ^~~~~~~~~~~~~~~~~~~~~~~~~
src/../lib/cJSON.c:2252:23: note: previous definition of ‘cJSON_DetachItemFromArray’ with type ‘cJSON *(cJSON *, int)’
 2252 | CJSON_PUBLIC(cJSON *) cJSON_DetachItemFromArray(cJSON *array, int which)
      |                       ^~~~~~~~~~~~~~~~~~~~~~~~~
src/../lib/cJSON.c:2262:20: error: redefinition of ‘cJSON_DeleteItemFromArray’
 2262 | CJSON_PUBLIC(void) cJSON_DeleteItemFromArray(cJSON *array, int which)
      |                    ^~~~~~~~~~~~~~~~~~~~~~~~~
src/../lib/cJSON.c:2262:20: note: previous definition of ‘cJSON_DeleteItemFromArray’ with type ‘void(cJSON *, int)’
 2262 | CJSON_PUBLIC(void) cJSON_DeleteItemFromArray(cJSON *array, int which)
      |                    ^~~~~~~~~~~~~~~~~~~~~~~~~
src/../lib/cJSON.c:2267:23: error: redefinition of ‘cJSON_DetachItemFromObject’
 2267 | CJSON_PUBLIC(cJSON *) cJSON_DetachItemFromObject(cJSON *object, const char *string)
      |                       ^~~~~~~~~~~~~~~~~~~~~~~~~~
src/../lib/cJSON.c:2267:23: note: previous definition of ‘cJSON_DetachItemFromObject’ with type ‘cJSON *(cJSON *, const char *)’
 2267 | CJSON_PUBLIC(cJSON *) cJSON_DetachItemFromObject(cJSON *object, const char *string)
      |                       ^~~~~~~~~~~~~~~~~~~~~~~~~~
src/../lib/cJSON.c:2274:23: error: redefinition of ‘cJSON_DetachItemFromObjectCaseSensitive’
 2274 | CJSON_PUBLIC(cJSON *) cJSON_DetachItemFromObjectCaseSensitive(cJSON *object, const char *string)
      |                       ^~~~~~~~~~~~~~~~~~~~~~~~~~~~~~~~~~~~~~~
src/../lib/cJSON.c:2274:23: note: previous definition of ‘cJSON_DetachItemFromObjectCaseSensitive’ with type ‘cJSON *(cJSON *, const char *)’
 2274 | CJSON_PUBLIC(cJSON *) cJSON_DetachItemFromObjectCaseSensitive(cJSON *object, const char *string)
      |                       ^~~~~~~~~~~~~~~~~~~~~~~~~~~~~~~~~~~~~~~
src/../lib/cJSON.c:2281:20: error: redefinition of ‘cJSON_DeleteItemFromObject’
 2281 | CJSON_PUBLIC(void) cJSON_DeleteItemFromObject(cJSON *object, const char *string)
      |                    ^~~~~~~~~~~~~~~~~~~~~~~~~~
src/../lib/cJSON.c:2281:20: note: previous definition of ‘cJSON_DeleteItemFromObject’ with type ‘void(cJSON *, const char *)’
 2281 | CJSON_PUBLIC(void) cJSON_DeleteItemFromObject(cJSON *object, const char *string)
      |                    ^~~~~~~~~~~~~~~~~~~~~~~~~~
src/../lib/cJSON.c:2286:20: error: redefinition of ‘cJSON_DeleteItemFromObjectCaseSensitive’
 2286 | CJSON_PUBLIC(void) cJSON_DeleteItemFromObjectCaseSensitive(cJSON *object, const char *string)
      |                    ^~~~~~~~~~~~~~~~~~~~~~~~~~~~~~~~~~~~~~~
src/../lib/cJSON.c:2286:20: note: previous definition of ‘cJSON_DeleteItemFromObjectCaseSensitive’ with type ‘void(cJSON *, const char *)’
 2286 | CJSON_PUBLIC(void) cJSON_DeleteItemFromObjectCaseSensitive(cJSON *object, const char *string)
      |                    ^~~~~~~~~~~~~~~~~~~~~~~~~~~~~~~~~~~~~~~
src/../lib/cJSON.c:2292:26: error: redefinition of ‘cJSON_InsertItemInArray’
 2292 | CJSON_PUBLIC(cJSON_bool) cJSON_InsertItemInArray(cJSON *array, int which, cJSON *newitem)
      |                          ^~~~~~~~~~~~~~~~~~~~~~~
src/../lib/cJSON.c:2292:26: note: previous definition of ‘cJSON_InsertItemInArray’ with type ‘cJSON_bool(cJSON *, int,  cJSON *)’ {aka ‘int(cJSON *, int,  cJSON *)’}
 2292 | CJSON_PUBLIC(cJSON_bool) cJSON_InsertItemInArray(cJSON *array, int which, cJSON *newitem)
      |                          ^~~~~~~~~~~~~~~~~~~~~~~
src/../lib/cJSON.c:2326:26: error: redefinition of ‘cJSON_ReplaceItemViaPointer’
 2326 | CJSON_PUBLIC(cJSON_bool) cJSON_ReplaceItemViaPointer(cJSON * const parent, cJSON * const item, cJSON * replacement)
      |                          ^~~~~~~~~~~~~~~~~~~~~~~~~~~
src/../lib/cJSON.c:2326:26: note: previous definition of ‘cJSON_ReplaceItemViaPointer’ with type ‘cJSON_bool(cJSON * const,  cJSON * const,  cJSON *)’ {aka ‘int(cJSON * const,  cJSON * const,  cJSON *)’}
 2326 | CJSON_PUBLIC(cJSON_bool) cJSON_ReplaceItemViaPointer(cJSON * const parent, cJSON * const item, cJSON * replacement)
      |                          ^~~~~~~~~~~~~~~~~~~~~~~~~~~
src/../lib/cJSON.c:2375:26: error: redefinition of ‘cJSON_ReplaceItemInArray’
 2375 | CJSON_PUBLIC(cJSON_bool) cJSON_ReplaceItemInArray(cJSON *array, int which, cJSON *newitem)
      |                          ^~~~~~~~~~~~~~~~~~~~~~~~
src/../lib/cJSON.c:2375:26: note: previous definition of ‘cJSON_ReplaceItemInArray’ with type ‘cJSON_bool(cJSON *, int,  cJSON *)’ {aka ‘int(cJSON *, int,  cJSON *)’}
 2375 | CJSON_PUBLIC(cJSON_bool) cJSON_ReplaceItemInArray(cJSON *array, int which, cJSON *newitem)
      |                          ^~~~~~~~~~~~~~~~~~~~~~~~
src/../lib/cJSON.c:2385:19: error: redefinition of ‘replace_item_in_object’
 2385 | static cJSON_bool replace_item_in_object(cJSON *object, const char *string, cJSON *replacement, cJSON_bool case_sensitive)
      |                   ^~~~~~~~~~~~~~~~~~~~~~
src/../lib/cJSON.c:2385:19: note: previous definition of ‘replace_item_in_object’ with type ‘cJSON_bool(cJSON *, const char *, cJSON *, cJSON_bool)’ {aka ‘int(cJSON *, const char *, cJSON *, int)’}
 2385 | static cJSON_bool replace_item_in_object(cJSON *object, const char *string, cJSON *replacement, cJSON_bool case_sensitive)
      |                   ^~~~~~~~~~~~~~~~~~~~~~
src/../lib/cJSON.c:2408:26: error: redefinition of ‘cJSON_ReplaceItemInObject’
 2408 | CJSON_PUBLIC(cJSON_bool) cJSON_ReplaceItemInObject(cJSON *object, const char *string, cJSON *newitem)
      |                          ^~~~~~~~~~~~~~~~~~~~~~~~~
src/../lib/cJSON.c:2408:26: note: previous definition of ‘cJSON_ReplaceItemInObject’ with type ‘cJSON_bool(cJSON *, const char *, cJSON *)’ {aka ‘int(cJSON *, const char *, cJSON *)’}
 2408 | CJSON_PUBLIC(cJSON_bool) cJSON_ReplaceItemInObject(cJSON *object, const char *string, cJSON *newitem)
      |                          ^~~~~~~~~~~~~~~~~~~~~~~~~
src/../lib/cJSON.c:2413:26: error: redefinition of ‘cJSON_ReplaceItemInObjectCaseSensitive’
 2413 | CJSON_PUBLIC(cJSON_bool) cJSON_ReplaceItemInObjectCaseSensitive(cJSON *object, const char *string, cJSON *newitem)
      |                          ^~~~~~~~~~~~~~~~~~~~~~~~~~~~~~~~~~~~~~
src/../lib/cJSON.c:2413:26: note: previous definition of ‘cJSON_ReplaceItemInObjectCaseSensitive’ with type ‘cJSON_bool(cJSON *, const char *, cJSON *)’ {aka ‘int(cJSON *, const char *, cJSON *)’}
 2413 | CJSON_PUBLIC(cJSON_bool) cJSON_ReplaceItemInObjectCaseSensitive(cJSON *object, const char *string, cJSON *newitem)
      |                          ^~~~~~~~~~~~~~~~~~~~~~~~~~~~~~~~~~~~~~
src/../lib/cJSON.c:2419:23: error: redefinition of ‘cJSON_CreateNull’
 2419 | CJSON_PUBLIC(cJSON *) cJSON_CreateNull(void)
      |                       ^~~~~~~~~~~~~~~~
src/../lib/cJSON.c:2419:23: note: previous definition of ‘cJSON_CreateNull’ with type ‘cJSON *(void)’
 2419 | CJSON_PUBLIC(cJSON *) cJSON_CreateNull(void)
      |                       ^~~~~~~~~~~~~~~~
src/../lib/cJSON.c:2430:23: error: redefinition of ‘cJSON_CreateTrue’
 2430 | CJSON_PUBLIC(cJSON *) cJSON_CreateTrue(void)
      |                       ^~~~~~~~~~~~~~~~
src/../lib/cJSON.c:2430:23: note: previous definition of ‘cJSON_CreateTrue’ with type ‘cJSON *(void)’
 2430 | CJSON_PUBLIC(cJSON *) cJSON_CreateTrue(void)
      |                       ^~~~~~~~~~~~~~~~
src/../lib/cJSON.c:2441:23: error: redefinition of ‘cJSON_CreateFalse’
 2441 | CJSON_PUBLIC(cJSON *) cJSON_CreateFalse(void)
      |                       ^~~~~~~~~~~~~~~~~
src/../lib/cJSON.c:2441:23: note: previous definition of ‘cJSON_CreateFalse’ with type ‘cJSON *(void)’
 2441 | CJSON_PUBLIC(cJSON *) cJSON_CreateFalse(void)
      |                       ^~~~~~~~~~~~~~~~~
src/../lib/cJSON.c:2452:23: error: redefinition of ‘cJSON_CreateBool’
 2452 | CJSON_PUBLIC(cJSON *) cJSON_CreateBool(cJSON_bool boolean)
      |                       ^~~~~~~~~~~~~~~~
src/../lib/cJSON.c:2452:23: note: previous definition of ‘cJSON_CreateBool’ with type ‘cJSON *(cJSON_bool)’ {aka ‘cJSON *(int)’}
 2452 | CJSON_PUBLIC(cJSON *) cJSON_CreateBool(cJSON_bool boolean)
      |                       ^~~~~~~~~~~~~~~~
src/../lib/cJSON.c:2463:23: error: redefinition of ‘cJSON_CreateNumber’
 2463 | CJSON_PUBLIC(cJSON *) cJSON_CreateNumber(double num)
      |                       ^~~~~~~~~~~~~~~~~~
src/../lib/cJSON.c:2463:23: note: previous definition of ‘cJSON_CreateNumber’ with type ‘cJSON *(double)’
 2463 | CJSON_PUBLIC(cJSON *) cJSON_CreateNumber(double num)
      |                       ^~~~~~~~~~~~~~~~~~
src/../lib/cJSON.c:2489:23: error: redefinition of ‘cJSON_CreateString’
 2489 | CJSON_PUBLIC(cJSON *) cJSON_CreateString(const char *string)
      |                       ^~~~~~~~~~~~~~~~~~
src/../lib/cJSON.c:2489:23: note: previous definition of ‘cJSON_CreateString’ with type ‘cJSON *(const char *)’
 2489 | CJSON_PUBLIC(cJSON *) cJSON_CreateString(const char *string)
      |                       ^~~~~~~~~~~~~~~~~~
src/../lib/cJSON.c:2506:23: error: redefinition of ‘cJSON_CreateStringReference’
 2506 | CJSON_PUBLIC(cJSON *) cJSON_CreateStringReference(const char *string)
      |                       ^~~~~~~~~~~~~~~~~~~~~~~~~~~
src/../lib/cJSON.c:2506:23: note: previous definition of ‘cJSON_CreateStringReference’ with type ‘cJSON *(const char *)’
 2506 | CJSON_PUBLIC(cJSON *) cJSON_CreateStringReference(const char *string)
      |                       ^~~~~~~~~~~~~~~~~~~~~~~~~~~
src/../lib/cJSON.c:2518:23: error: redefinition of ‘cJSON_CreateObjectReference’
 2518 | CJSON_PUBLIC(cJSON *) cJSON_CreateObjectReference(const cJSON *child)
      |                       ^~~~~~~~~~~~~~~~~~~~~~~~~~~
src/../lib/cJSON.c:2518:23: note: previous definition of ‘cJSON_CreateObjectReference’ with type ‘cJSON *(const cJSON *)’
 2518 | CJSON_PUBLIC(cJSON *) cJSON_CreateObjectReference(const cJSON *child)
      |                       ^~~~~~~~~~~~~~~~~~~~~~~~~~~
src/../lib/cJSON.c:2529:23: error: redefinition of ‘cJSON_CreateArrayReference’
 2529 | CJSON_PUBLIC(cJSON *) cJSON_CreateArrayReference(const cJSON *child) {
      |                       ^~~~~~~~~~~~~~~~~~~~~~~~~~
src/../lib/cJSON.c:2529:23: note: previous definition of ‘cJSON_CreateArrayReference’ with type ‘cJSON *(const cJSON *)’
 2529 | CJSON_PUBLIC(cJSON *) cJSON_CreateArrayReference(const cJSON *child) {
      |                       ^~~~~~~~~~~~~~~~~~~~~~~~~~
src/../lib/cJSON.c:2539:23: error: redefinition of ‘cJSON_CreateRaw’
 2539 | CJSON_PUBLIC(cJSON *) cJSON_CreateRaw(const char *raw)
      |                       ^~~~~~~~~~~~~~~
src/../lib/cJSON.c:2539:23: note: previous definition of ‘cJSON_CreateRaw’ with type ‘cJSON *(const char *)’
 2539 | CJSON_PUBLIC(cJSON *) cJSON_CreateRaw(const char *raw)
      |                       ^~~~~~~~~~~~~~~
src/../lib/cJSON.c:2556:23: error: redefinition of ‘cJSON_CreateArray’
 2556 | CJSON_PUBLIC(cJSON *) cJSON_CreateArray(void)
      |                       ^~~~~~~~~~~~~~~~~
src/../lib/cJSON.c:2556:23: note: previous definition of ‘cJSON_CreateArray’ with type ‘cJSON *(void)’
 2556 | CJSON_PUBLIC(cJSON *) cJSON_CreateArray(void)
      |                       ^~~~~~~~~~~~~~~~~
src/../lib/cJSON.c:2567:23: error: redefinition of ‘cJSON_CreateObject’
 2567 | CJSON_PUBLIC(cJSON *) cJSON_CreateObject(void)
      |                       ^~~~~~~~~~~~~~~~~~
src/../lib/cJSON.c:2567:23: note: previous definition of ‘cJSON_CreateObject’ with type ‘cJSON *(void)’
 2567 | CJSON_PUBLIC(cJSON *) cJSON_CreateObject(void)
      |                       ^~~~~~~~~~~~~~~~~~
src/../lib/cJSON.c:2579:23: error: redefinition of ‘cJSON_CreateIntArray’
 2579 | CJSON_PUBLIC(cJSON *) cJSON_CreateIntArray(const int *numbers, int count)
      |                       ^~~~~~~~~~~~~~~~~~~~
src/../lib/cJSON.c:2579:23: note: previous definition of ‘cJSON_CreateIntArray’ with type ‘cJSON *(const int *, int)’
 2579 | CJSON_PUBLIC(cJSON *) cJSON_CreateIntArray(const int *numbers, int count)
      |                       ^~~~~~~~~~~~~~~~~~~~
src/../lib/cJSON.c:2619:23: error: redefinition of ‘cJSON_CreateFloatArray’
 2619 | CJSON_PUBLIC(cJSON *) cJSON_CreateFloatArray(const float *numbers, int count)
      |                       ^~~~~~~~~~~~~~~~~~~~~~
src/../lib/cJSON.c:2619:23: note: previous definition of ‘cJSON_CreateFloatArray’ with type ‘cJSON *(const float *, int)’
 2619 | CJSON_PUBLIC(cJSON *) cJSON_CreateFloatArray(const float *numbers, int count)
      |                       ^~~~~~~~~~~~~~~~~~~~~~
src/../lib/cJSON.c:2659:23: error: redefinition of ‘cJSON_CreateDoubleArray’
 2659 | CJSON_PUBLIC(cJSON *) cJSON_CreateDoubleArray(const double *numbers, int count)
      |                       ^~~~~~~~~~~~~~~~~~~~~~~
src/../lib/cJSON.c:2659:23: note: previous definition of ‘cJSON_CreateDoubleArray’ with type ‘cJSON *(const double *, int)’
 2659 | CJSON_PUBLIC(cJSON *) cJSON_CreateDoubleArray(const double *numbers, int count)
      |                       ^~~~~~~~~~~~~~~~~~~~~~~
src/../lib/cJSON.c:2699:23: error: redefinition of ‘cJSON_CreateStringArray’
 2699 | CJSON_PUBLIC(cJSON *) cJSON_CreateStringArray(const char *const *strings, int count)
      |                       ^~~~~~~~~~~~~~~~~~~~~~~
src/../lib/cJSON.c:2699:23: note: previous definition of ‘cJSON_CreateStringArray’ with type ‘cJSON *(const char * const*, int)’
 2699 | CJSON_PUBLIC(cJSON *) cJSON_CreateStringArray(const char *const *strings, int count)
      |                       ^~~~~~~~~~~~~~~~~~~~~~~
src/../lib/cJSON.c:2742:23: error: redefinition of ‘cJSON_Duplicate’
 2742 | CJSON_PUBLIC(cJSON *) cJSON_Duplicate(const cJSON *item, cJSON_bool recurse)
      |                       ^~~~~~~~~~~~~~~
src/../lib/cJSON.c:2742:23: note: previous definition of ‘cJSON_Duplicate’ with type ‘cJSON *(const cJSON *, cJSON_bool)’ {aka ‘cJSON *(const cJSON *, int)’}
 2742 | CJSON_PUBLIC(cJSON *) cJSON_Duplicate(const cJSON *item, cJSON_bool recurse)
      |                       ^~~~~~~~~~~~~~~
src/../lib/cJSON.c:2747:9: error: redefinition of ‘cJSON_Duplicate_rec’
 2747 | cJSON * cJSON_Duplicate_rec(const cJSON *item, size_t depth, cJSON_bool recurse)
      |         ^~~~~~~~~~~~~~~~~~~
src/../lib/cJSON.c:2747:9: note: previous definition of ‘cJSON_Duplicate_rec’ with type ‘cJSON *(const cJSON *, size_t,  cJSON_bool)’ {aka ‘cJSON *(const cJSON *, long unsigned int,  int)’}
 2747 | cJSON * cJSON_Duplicate_rec(const cJSON *item, size_t depth, cJSON_bool recurse)
      |         ^~~~~~~~~~~~~~~~~~~
src/../lib/cJSON.c:2833:13: error: redefinition of ‘skip_oneline_comment’
 2833 | static void skip_oneline_comment(char **input)
      |             ^~~~~~~~~~~~~~~~~~~~
src/../lib/cJSON.c:2833:13: note: previous definition of ‘skip_oneline_comment’ with type ‘void(char **)’
 2833 | static void skip_oneline_comment(char **input)
      |             ^~~~~~~~~~~~~~~~~~~~
src/../lib/cJSON.c:2846:13: error: redefinition of ‘skip_multiline_comment’
 2846 | static void skip_multiline_comment(char **input)
      |             ^~~~~~~~~~~~~~~~~~~~~~
src/../lib/cJSON.c:2846:13: note: previous definition of ‘skip_multiline_comment’ with type ‘void(char **)’
 2846 | static void skip_multiline_comment(char **input)
      |             ^~~~~~~~~~~~~~~~~~~~~~
src/../lib/cJSON.c:2860:13: error: redefinition of ‘minify_string’
 2860 | static void minify_string(char **input, char **output) {
      |             ^~~~~~~~~~~~~
src/../lib/cJSON.c:2860:13: note: previous definition of ‘minify_string’ with type ‘void(char **, char **)’
 2860 | static void minify_string(char **input, char **output) {
      |             ^~~~~~~~~~~~~
src/../lib/cJSON.c:2882:20: error: redefinition of ‘cJSON_Minify’
 2882 | CJSON_PUBLIC(void) cJSON_Minify(char *json)
      |                    ^~~~~~~~~~~~
src/../lib/cJSON.c:2882:20: note: previous definition of ‘cJSON_Minify’ with type ‘void(char *)’
 2882 | CJSON_PUBLIC(void) cJSON_Minify(char *json)
      |                    ^~~~~~~~~~~~
src/../lib/cJSON.c:2930:26: error: redefinition of ‘cJSON_IsInvalid’
 2930 | CJSON_PUBLIC(cJSON_bool) cJSON_IsInvalid(const cJSON * const item)
      |                          ^~~~~~~~~~~~~~~
src/../lib/cJSON.c:2930:26: note: previous definition of ‘cJSON_IsInvalid’ with type ‘cJSON_bool(const cJSON * const)’ {aka ‘int(const cJSON * const)’}
 2930 | CJSON_PUBLIC(cJSON_bool) cJSON_IsInvalid(const cJSON * const item)
      |                          ^~~~~~~~~~~~~~~
src/../lib/cJSON.c:2940:26: error: redefinition of ‘cJSON_IsFalse’
 2940 | CJSON_PUBLIC(cJSON_bool) cJSON_IsFalse(const cJSON * const item)
      |                          ^~~~~~~~~~~~~
src/../lib/cJSON.c:2940:26: note: previous definition of ‘cJSON_IsFalse’ with type ‘cJSON_bool(const cJSON * const)’ {aka ‘int(const cJSON * const)’}
 2940 | CJSON_PUBLIC(cJSON_bool) cJSON_IsFalse(const cJSON * const item)
      |                          ^~~~~~~~~~~~~
src/../lib/cJSON.c:2950:26: error: redefinition of ‘cJSON_IsTrue’
 2950 | CJSON_PUBLIC(cJSON_bool) cJSON_IsTrue(const cJSON * const item)
      |                          ^~~~~~~~~~~~
src/../lib/cJSON.c:2950:26: note: previous definition of ‘cJSON_IsTrue’ with type ‘cJSON_bool(const cJSON * const)’ {aka ‘int(const cJSON * const)’}
 2950 | CJSON_PUBLIC(cJSON_bool) cJSON_IsTrue(const cJSON * const item)
      |                          ^~~~~~~~~~~~
src/../lib/cJSON.c:2961:26: error: redefinition of ‘cJSON_IsBool’
 2961 | CJSON_PUBLIC(cJSON_bool) cJSON_IsBool(const cJSON * const item)
      |                          ^~~~~~~~~~~~
src/../lib/cJSON.c:2961:26: note: previous definition of ‘cJSON_IsBool’ with type ‘cJSON_bool(const cJSON * const)’ {aka ‘int(const cJSON * const)’}
 2961 | CJSON_PUBLIC(cJSON_bool) cJSON_IsBool(const cJSON * const item)
      |                          ^~~~~~~~~~~~
src/../lib/cJSON.c:2970:26: error: redefinition of ‘cJSON_IsNull’
 2970 | CJSON_PUBLIC(cJSON_bool) cJSON_IsNull(const cJSON * const item)
      |                          ^~~~~~~~~~~~
src/../lib/cJSON.c:2970:26: note: previous definition of ‘cJSON_IsNull’ with type ‘cJSON_bool(const cJSON * const)’ {aka ‘int(const cJSON * const)’}
 2970 | CJSON_PUBLIC(cJSON_bool) cJSON_IsNull(const cJSON * const item)
      |                          ^~~~~~~~~~~~
src/../lib/cJSON.c:2980:26: error: redefinition of ‘cJSON_IsNumber’
 2980 | CJSON_PUBLIC(cJSON_bool) cJSON_IsNumber(const cJSON * const item)
      |                          ^~~~~~~~~~~~~~
src/../lib/cJSON.c:2980:26: note: previous definition of ‘cJSON_IsNumber’ with type ‘cJSON_bool(const cJSON * const)’ {aka ‘int(const cJSON * const)’}
 2980 | CJSON_PUBLIC(cJSON_bool) cJSON_IsNumber(const cJSON * const item)
      |                          ^~~~~~~~~~~~~~
src/../lib/cJSON.c:2990:26: error: redefinition of ‘cJSON_IsString’
 2990 | CJSON_PUBLIC(cJSON_bool) cJSON_IsString(const cJSON * const item)
      |                          ^~~~~~~~~~~~~~
src/../lib/cJSON.c:2990:26: note: previous definition of ‘cJSON_IsString’ with type ‘cJSON_bool(const cJSON * const)’ {aka ‘int(const cJSON * const)’}
 2990 | CJSON_PUBLIC(cJSON_bool) cJSON_IsString(const cJSON * const item)
      |                          ^~~~~~~~~~~~~~
src/../lib/cJSON.c:3000:26: error: redefinition of ‘cJSON_IsArray’
 3000 | CJSON_PUBLIC(cJSON_bool) cJSON_IsArray(const cJSON * const item)
      |                          ^~~~~~~~~~~~~
src/../lib/cJSON.c:3000:26: note: previous definition of ‘cJSON_IsArray’ with type ‘cJSON_bool(const cJSON * const)’ {aka ‘int(const cJSON * const)’}
 3000 | CJSON_PUBLIC(cJSON_bool) cJSON_IsArray(const cJSON * const item)
      |                          ^~~~~~~~~~~~~
src/../lib/cJSON.c:3010:26: error: redefinition of ‘cJSON_IsObject’
 3010 | CJSON_PUBLIC(cJSON_bool) cJSON_IsObject(const cJSON * const item)
      |                          ^~~~~~~~~~~~~~
src/../lib/cJSON.c:3010:26: note: previous definition of ‘cJSON_IsObject’ with type ‘cJSON_bool(const cJSON * const)’ {aka ‘int(const cJSON * const)’}
 3010 | CJSON_PUBLIC(cJSON_bool) cJSON_IsObject(const cJSON * const item)
      |                          ^~~~~~~~~~~~~~
src/../lib/cJSON.c:3020:26: error: redefinition of ‘cJSON_IsRaw’
 3020 | CJSON_PUBLIC(cJSON_bool) cJSON_IsRaw(const cJSON * const item)
      |                          ^~~~~~~~~~~
src/../lib/cJSON.c:3020:26: note: previous definition of ‘cJSON_IsRaw’ with type ‘cJSON_bool(const cJSON * const)’ {aka ‘int(const cJSON * const)’}
 3020 | CJSON_PUBLIC(cJSON_bool) cJSON_IsRaw(const cJSON * const item)
      |                          ^~~~~~~~~~~
src/../lib/cJSON.c:3030:26: error: redefinition of ‘cJSON_Compare’
 3030 | CJSON_PUBLIC(cJSON_bool) cJSON_Compare(const cJSON * const a, const cJSON * const b, const cJSON_bool case_sensitive)
      |                          ^~~~~~~~~~~~~
src/../lib/cJSON.c:3030:26: note: previous definition of ‘cJSON_Compare’ with type ‘cJSON_bool(const cJSON * const,  const cJSON * const,  const cJSON_bool)’ {aka ‘int(const cJSON * const,  const cJSON * const,  const int)’}
 3030 | CJSON_PUBLIC(cJSON_bool) cJSON_Compare(const cJSON * const a, const cJSON * const b, const cJSON_bool case_sensitive)
      |                          ^~~~~~~~~~~~~
src/../lib/cJSON.c:3155:22: error: redefinition of ‘cJSON_malloc’
 3155 | CJSON_PUBLIC(void *) cJSON_malloc(size_t size)
      |                      ^~~~~~~~~~~~
src/../lib/cJSON.c:3155:22: note: previous definition of ‘cJSON_malloc’ with type ‘void *(size_t)’ {aka ‘void *(long unsigned int)’}
 3155 | CJSON_PUBLIC(void *) cJSON_malloc(size_t size)
      |                      ^~~~~~~~~~~~
src/../lib/cJSON.c:3160:20: error: redefinition of ‘cJSON_free’
 3160 | CJSON_PUBLIC(void) cJSON_free(void *object)
      |                    ^~~~~~~~~~
src/../lib/cJSON.c:3160:20: note: previous definition of ‘cJSON_free’ with type ‘void(void *)’
 3160 | CJSON_PUBLIC(void) cJSON_free(void *object)
      |                    ^~~~~~~~~~
src/model.c: In function ‘parse_http_response’:
src/model.c:51:9: error: expected expression before ‘cJSON’
   51 |     if (cJSON *flag = cJSON_GetObjectItem(json, "flag")) {
      |         ^~~~~
src/model.c:52:17: error: ‘flag’ undeclared (first use in this function); did you mean ‘Flag’?
   52 |         SET_STR(flag, "img", ipinfo.flag.img);
      |                 ^~~~
src/model.c:9:39: note: in definition of macro ‘SET_STR’
    9 |     cJSON *item = cJSON_GetObjectItem(json, key); \
      |                                       ^~~~
src/model.c:52:17: note: each undeclared identifier is reported only once for each function it appears in
   52 |         SET_STR(flag, "img", ipinfo.flag.img);
      |                 ^~~~
src/model.c:9:39: note: in definition of macro ‘SET_STR’
    9 |     cJSON *item = cJSON_GetObjectItem(json, key); \
      |                                       ^~~~
src/model.c:57:9: error: expected expression before ‘cJSON’
   57 |     if (cJSON *connection = cJSON_GetObjectItem(json, "connection")) {
      |         ^~~~~
src/model.c:58:17: error: ‘connection’ undeclared (first use in this function); did you mean ‘Connection’?
   58 |         SET_INT(connection, "asn", ipinfo.connection.asn);
      |                 ^~~~~~~~~~
src/model.c:14:39: note: in definition of macro ‘SET_INT’
   14 |     cJSON *item = cJSON_GetObjectItem(json, key); \
      |                                       ^~~~
src/model.c:64:9: error: expected expression before ‘cJSON’
   64 |     if (cJSON *timezone = cJSON_GetObjectItem(json, "timezone")) {
      |         ^~~~~
src/model.c:65:17: error: passing argument 1 of ‘cJSON_GetObjectItem’ makes pointer from integer without a cast [-Wint-conversion]
   65 |         SET_STR(timezone, "id", ipinfo.timezone.id);
      |                 ^~~~~~~~
      |                 |
      |                 long int
src/model.c:9:39: note: in definition of macro ‘SET_STR’
    9 |     cJSON *item = cJSON_GetObjectItem(json, key); \
      |                                       ^~~~
src/../lib/cJSON.c:1941:63: note: expected ‘const cJSON * const’ but argument is of type ‘long int’
 1941 | CJSON_PUBLIC(cJSON *) cJSON_GetObjectItem(const cJSON * const object, const char * const string)
      |                                           ~~~~~~~~~~~~~~~~~~~~^~~~~~
src/model.c:66:17: error: passing argument 1 of ‘cJSON_GetObjectItem’ makes pointer from integer without a cast [-Wint-conversion]
   66 |         SET_STR(timezone, "abbr", ipinfo.timezone.abbr);
      |                 ^~~~~~~~
      |                 |
      |                 long int
src/model.c:9:39: note: in definition of macro ‘SET_STR’
    9 |     cJSON *item = cJSON_GetObjectItem(json, key); \
      |                                       ^~~~
src/../lib/cJSON.c:1941:63: note: expected ‘const cJSON * const’ but argument is of type ‘long int’
 1941 | CJSON_PUBLIC(cJSON *) cJSON_GetObjectItem(const cJSON * const object, const char * const string)
      |                                           ~~~~~~~~~~~~~~~~~~~~^~~~~~
src/model.c:67:18: error: passing argument 1 of ‘cJSON_GetObjectItem’ makes pointer from integer without a cast [-Wint-conversion]
   67 |         SET_BOOL(timezone, "is_dst", ipinfo.timezone.is_dst);
      |                  ^~~~~~~~
      |                  |
      |                  long int
src/model.c:24:39: note: in definition of macro ‘SET_BOOL’
   24 |     cJSON *item = cJSON_GetObjectItem(json, key); \
      |                                       ^~~~
src/../lib/cJSON.c:1941:63: note: expected ‘const cJSON * const’ but argument is of type ‘long int’
 1941 | CJSON_PUBLIC(cJSON *) cJSON_GetObjectItem(const cJSON * const object, const char * const string)
      |                                           ~~~~~~~~~~~~~~~~~~~~^~~~~~
src/model.c:68:17: error: passing argument 1 of ‘cJSON_GetObjectItem’ makes pointer from integer without a cast [-Wint-conversion]
   68 |         SET_INT(timezone, "offset", ipinfo.timezone.offset);
      |                 ^~~~~~~~
      |                 |
      |                 long int
src/model.c:14:39: note: in definition of macro ‘SET_INT’
   14 |     cJSON *item = cJSON_GetObjectItem(json, key); \
      |                                       ^~~~
src/../lib/cJSON.c:1941:63: note: expected ‘const cJSON * const’ but argument is of type ‘long int’
 1941 | CJSON_PUBLIC(cJSON *) cJSON_GetObjectItem(const cJSON * const object, const char * const string)
      |                                           ~~~~~~~~~~~~~~~~~~~~^~~~~~
src/model.c:69:17: error: passing argument 1 of ‘cJSON_GetObjectItem’ makes pointer from integer without a cast [-Wint-conversion]
   69 |         SET_STR(timezone, "utc", ipinfo.timezone.utc);
      |                 ^~~~~~~~
      |                 |
      |                 long int
src/model.c:9:39: note: in definition of macro ‘SET_STR’
    9 |     cJSON *item = cJSON_GetObjectItem(json, key); \
      |                                       ^~~~
src/../lib/cJSON.c:1941:63: note: expected ‘const cJSON * const’ but argument is of type ‘long int’
 1941 | CJSON_PUBLIC(cJSON *) cJSON_GetObjectItem(const cJSON * const object, const char * const string)
      |                                           ~~~~~~~~~~~~~~~~~~~~^~~~~~
src/model.c:70:17: error: passing argument 1 of ‘cJSON_GetObjectItem’ makes pointer from integer without a cast [-Wint-conversion]
   70 |         SET_STR(timezone, "current_time", ipinfo.timezone.current_time);
      |                 ^~~~~~~~
      |                 |
      |                 long int
src/model.c:9:39: note: in definition of macro ‘SET_STR’
    9 |     cJSON *item = cJSON_GetObjectItem(json, key); \
      |                                       ^~~~
src/../lib/cJSON.c:1941:63: note: expected ‘const cJSON * const’ but argument is of type ‘long int’
 1941 | CJSON_PUBLIC(cJSON *) cJSON_GetObjectItem(const cJSON * const object, const char * const string)
      |                                           ~~~~~~~~~~~~~~~~~~~~^~~~~~
